[2026-04-20 16:18:28,959] multiqc                                            [DEBUG  ]  This is MultiQC v1.13
[2026-04-20 16:18:28,960] multiqc                                            [DEBUG  ]  Command used: /home/zongo/miniforge3/envs/multiqc_env/bin/multiqc /scratch/zongo/CIBIG_Internship_Project/QC/fastqc_results/ -o /scratch/zongo/CIBIG_Internship_Project/QC/multiqc_results
[2026-04-20 16:18:48,453] multiqc                                            [WARNING]  MultiQC Version v1.33 now available!
[2026-04-20 16:18:48,453] multiqc                                            [DEBUG  ]  Working dir : /scratch/zongo/CIBIG_Internship_Project/QC
[2026-04-20 16:18:48,453] multiqc                                            [DEBUG  ]  Template    : default
[2026-04-20 16:18:48,453] multiqc                                            [DEBUG  ]  Running Python 3.8.20 | packaged by conda-forge | (default, Sep 30 2024, 17:52:49)  [GCC 13.3.0]
[2026-04-20 16:18:48,454] multiqc                                            [DEBUG  ]  Analysing modules: custom_content, ccs, ngsderive, purple, conpair, lima, peddy, somalier, methylQA, mosdepth, phantompeakqualtools, qualimap, preseq, quast, qorts, rna_seqc, rockhopper, rsem, rseqc, busco, bustools, goleft_indexcov, gffcompare, disambiguate, supernova, deeptools, sargasso, verifybamid, mirtrace, happy, mirtop, sambamba, homer, hops, macs2, theta2, snpeff, gatk, htseq, bcftools, featureCounts, fgbio, dragen, dedup, pbmarkdup, damageprofiler, biobambam2, jcvi, mtnucratio, picard, vep, sentieon, prokka, qc3C, nanostat, samblaster, samtools, sexdeterrmine, eigenstratdatabasetools, bamtools, jellyfish, vcftools, longranger, stacks, varscan2, snippy, bbmap, bismark, biscuit, hicexplorer, hicup, hicpro, salmon, kallisto, slamdunk, star, hisat2, tophat, bowtie2, bowtie1, snpsplit, odgi, pangolin, kat, leehom, adapterRemoval, clipandmerge, cutadapt, flexbar, kaiju, kraken, malt, trimmomatic, sickle, skewer, sortmerna, biobloomtools, fastq_screen, afterqc, fastp, fastqc, pychopper, pycoqc, minionqc, multivcfanalyzer, clusterflow, checkqc, bcl2fastq, bclconvert, interop, ivar, flash, seqyclean, optitype, whatshap
[2026-04-20 16:18:48,454] multiqc                                            [DEBUG  ]  Using temporary directory for creating report: /tmp/tmpbh5kxnym
[2026-04-20 16:18:48,530] multiqc                                            [INFO   ]  Search path : /scratch/zongo/CIBIG_Internship_Project/QC/fastqc_results
[2026-04-20 16:18:52,285] multiqc                                            [DEBUG  ]  Summary of files that were skipped by the search: [skipped_module_specific_max_filesize: 1672] // [skipped_no_match: 153]
[2026-04-20 16:18:52,907] multiqc.plots.bargraph                             [DEBUG  ]  Using matplotlib version 3.7.3
[2026-04-20 16:18:52,909] multiqc.plots.linegraph                            [DEBUG  ]  Using matplotlib version 3.7.3
[2026-04-20 16:18:52,911] multiqc                                            [DEBUG  ]  No samples found: custom_content
[2026-04-20 16:18:56,258] multiqc.modules.fastqc.fastqc                      [INFO   ]  Found 152 reports
[2026-04-20 16:19:02,368] multiqc                                            [INFO   ]  Compressing plot data
[2026-04-20 16:19:02,399] multiqc                                            [INFO   ]  Report      : multiqc_results/multiqc_report.html
[2026-04-20 16:19:02,399] multiqc                                            [INFO   ]  Data        : multiqc_results/multiqc_data
[2026-04-20 16:19:02,399] multiqc                                            [DEBUG  ]  Moving data file from '/tmp/tmpbh5kxnym/multiqc_data' to '/scratch/zongo/CIBIG_Internship_Project/QC/multiqc_results/multiqc_data'
[2026-04-20 16:19:02,618] multiqc                                            [INFO   ]  MultiQC complete
[2026-04-20 16:19:02,619] multiqc                                            [WARNING]  8 flat-image plots used in the report due to large sample numbers
