[2026-04-27 13:39:33,021] multiqc                                            [DEBUG  ]  This is MultiQC v1.13
[2026-04-27 13:39:33,022] multiqc                                            [DEBUG  ]  Command used: /home/zongo/miniforge3/envs/multiqc_env/bin/multiqc /scratch/zongo/CIBIG_Internship_Project/QC/fastqc_trim_results/ -o /scratch/zongo/CIBIG_Internship_Project/QC/multiqc_trim_results
[2026-04-27 13:39:43,025] multiqc                                            [DEBUG  ]  Could not connect to multiqc.info for version check: <urlopen error [Errno -2] Name or service not known>
[2026-04-27 13:39:43,025] multiqc                                            [DEBUG  ]  Working dir : /scratch/zongo/CIBIG_Internship_Project/QC
[2026-04-27 13:39:43,025] multiqc                                            [DEBUG  ]  Template    : default
[2026-04-27 13:39:43,025] multiqc                                            [DEBUG  ]  Running Python 3.8.20 | packaged by conda-forge | (default, Sep 30 2024, 17:52:49)  [GCC 13.3.0]
[2026-04-27 13:39:43,025] multiqc                                            [DEBUG  ]  Analysing modules: custom_content, ccs, ngsderive, purple, conpair, lima, peddy, somalier, methylQA, mosdepth, phantompeakqualtools, qualimap, preseq, quast, qorts, rna_seqc, rockhopper, rsem, rseqc, busco, bustools, goleft_indexcov, gffcompare, disambiguate, supernova, deeptools, sargasso, verifybamid, mirtrace, happy, mirtop, sambamba, homer, hops, macs2, theta2, snpeff, gatk, htseq, bcftools, featureCounts, fgbio, dragen, dedup, pbmarkdup, damageprofiler, biobambam2, jcvi, mtnucratio, picard, vep, sentieon, prokka, qc3C, nanostat, samblaster, samtools, sexdeterrmine, eigenstratdatabasetools, bamtools, jellyfish, vcftools, longranger, stacks, varscan2, snippy, bbmap, bismark, biscuit, hicexplorer, hicup, hicpro, salmon, kallisto, slamdunk, star, hisat2, tophat, bowtie2, bowtie1, snpsplit, odgi, pangolin, kat, leehom, adapterRemoval, clipandmerge, cutadapt, flexbar, kaiju, kraken, malt, trimmomatic, sickle, skewer, sortmerna, biobloomtools, fastq_screen, afterqc, fastp, fastqc, pychopper, pycoqc, minionqc, multivcfanalyzer, clusterflow, checkqc, bcl2fastq, bclconvert, interop, ivar, flash, seqyclean, optitype, whatshap
[2026-04-27 13:39:43,025] multiqc                                            [DEBUG  ]  Using temporary directory for creating report: /tmp/tmp0xfcmvfm
[2026-04-27 13:39:43,281] multiqc                                            [INFO   ]  Search path : /scratch/zongo/CIBIG_Internship_Project/QC/fastqc_trim_results
[2026-04-27 13:39:46,861] multiqc                                            [DEBUG  ]  Summary of files that were skipped by the search: [skipped_module_specific_max_filesize: 1694] // [skipped_no_match: 154]
[2026-04-27 13:39:47,672] multiqc.plots.bargraph                             [DEBUG  ]  Using matplotlib version 3.7.3
[2026-04-27 13:39:47,674] multiqc.plots.linegraph                            [DEBUG  ]  Using matplotlib version 3.7.3
[2026-04-27 13:39:47,676] multiqc                                            [DEBUG  ]  No samples found: custom_content
[2026-04-27 13:39:49,201] multiqc.modules.fastqc.fastqc                      [INFO   ]  Found 154 reports
[2026-04-27 13:39:54,985] multiqc                                            [INFO   ]  Compressing plot data
[2026-04-27 13:39:55,016] multiqc                                            [INFO   ]  Report      : multiqc_trim_results/multiqc_report.html
[2026-04-27 13:39:55,016] multiqc                                            [INFO   ]  Data        : multiqc_trim_results/multiqc_data
[2026-04-27 13:39:55,016] multiqc                                            [DEBUG  ]  Moving data file from '/tmp/tmp0xfcmvfm/multiqc_data' to '/scratch/zongo/CIBIG_Internship_Project/QC/multiqc_trim_results/multiqc_data'
[2026-04-27 13:39:55,189] multiqc                                            [INFO   ]  MultiQC complete
[2026-04-27 13:39:55,189] multiqc                                            [WARNING]  8 flat-image plots used in the report due to large sample numbers
